2025-02-19 01:24:56,073 - TorchAIDiagnosis - INFO - Loading PyTorch model...
2025-02-19 01:24:56,073 - TorchAIDiagnosis - ERROR - Failed to load model: [Errno 2] No such file or directory: 'models/final/diagnosis_model.pth'
2025-02-19 01:29:26,752 - TorchAIDiagnosis - INFO - Loading PyTorch model...
2025-02-19 01:29:26,753 - TorchAIDiagnosis - ERROR - Failed to load model: Can't get attribute 'DummyModel' on <module 'unittest.__main__' from '/Applications/Xcode.app/Contents/Developer/Library/Frameworks/Python3.framework/Versions/3.9/lib/python3.9/unittest/__main__.py'>
2025-02-19 01:37:11,354 - TorchAIDiagnosis - INFO - Loading PyTorch model...
2025-02-19 01:37:11,354 - TorchAIDiagnosis - ERROR - Failed to load model: Can't get attribute 'DummyModel' on <module 'unittest.__main__' from '/Applications/Xcode.app/Contents/Developer/Library/Frameworks/Python3.framework/Versions/3.9/lib/python3.9/unittest/__main__.py'>
2025-02-19 03:28:17,005 - TorchAIDiagnosis - INFO - Loading PyTorch model...
2025-02-19 03:28:17,006 - TorchAIDiagnosis - ERROR - Failed to load model: Can't get attribute 'DummyModel' on <module '__mp_main__' from '/Users/timmbaland/Documents/Medical_AI_Project/.venv/bin/uvicorn'>
2025-02-19 03:40:15,790 - TorchAIDiagnosis - INFO - Loading PyTorch model...
2025-02-19 03:40:15,790 - TorchAIDiagnosis - INFO - Model loaded successfully.
2025-02-19 03:46:03,575 - TorchAIDiagnosis - INFO - Loading PyTorch model...
2025-02-19 03:46:03,575 - TorchAIDiagnosis - INFO - Model loaded successfully.
2025-02-19 03:50:42,130 - TorchAIDiagnosis - INFO - Loading PyTorch model...
2025-02-19 03:50:42,130 - TorchAIDiagnosis - INFO - Model loaded successfully.
2025-02-19 03:51:05,017 - TorchAIDiagnosis - INFO - Loading PyTorch model...
2025-02-19 03:51:05,017 - TorchAIDiagnosis - INFO - Model loaded successfully.
2025-02-19 03:51:14,327 - TorchAIDiagnosis - INFO - Loading PyTorch model...
2025-02-19 03:51:14,327 - TorchAIDiagnosis - INFO - Model loaded successfully.
2025-02-19 03:52:02,877 - TorchAIDiagnosis - INFO - Loading PyTorch model...
2025-02-19 03:52:02,879 - TorchAIDiagnosis - INFO - Model loaded successfully.
2025-02-19 03:54:45,863 - TorchAIDiagnosis - INFO - Loading PyTorch model...
2025-02-19 03:54:45,863 - TorchAIDiagnosis - INFO - Model loaded successfully.
2025-02-19 03:57:41,472 - TorchAIDiagnosis - INFO - Loading PyTorch model...
2025-02-19 03:57:41,473 - TorchAIDiagnosis - INFO - Model loaded successfully.
